<?xml version="1.0" encoding="UTF-8"?>
<testng-results skipped="0" failed="0" ignored="0" total="4" passed="4">
  <reporter-output>
  </reporter-output>
  <suite name="Suite" duration-ms="140" started-at="2019-03-03T07:12:39Z" finished-at="2019-03-03T07:12:39Z">
    <groups>
    </groups>
    <test name="Test" duration-ms="140" started-at="2019-03-03T07:12:39Z" finished-at="2019-03-03T07:12:39Z">
      <class name="basicAnnotations.Module2">
        <test-method status="PASS" signature="beforeSuite()[pri:0, instance:basicAnnotations.Module2@58651fd0]" name="beforeSuite" is-config="true" duration-ms="26" started-at="2019-03-03T12:42:39Z" finished-at="2019-03-03T12:42:39Z">
          <reporter-output>
          </reporter-output>
        </test-method> <!-- beforeSuite -->
        <test-method status="PASS" signature="beforeModule()[pri:0, instance:basicAnnotations.Module2@58651fd0]" name="beforeModule" is-config="true" duration-ms="0" started-at="2019-03-03T12:42:39Z" finished-at="2019-03-03T12:42:39Z">
          <reporter-output>
          </reporter-output>
        </test-method> <!-- beforeModule -->
        <test-method status="PASS" signature="beforeTesScript()[pri:0, instance:basicAnnotations.Module2@58651fd0]" name="beforeTesScript" is-config="true" duration-ms="0" started-at="2019-03-03T12:42:39Z" finished-at="2019-03-03T12:42:39Z">
          <reporter-output>
          </reporter-output>
        </test-method> <!-- beforeTesScript -->
        <test-method status="PASS" signature="test1()[pri:0, instance:basicAnnotations.Module2@58651fd0]" name="test1" duration-ms="2" started-at="2019-03-03T12:42:39Z" finished-at="2019-03-03T12:42:39Z">
          <reporter-output>
          </reporter-output>
        </test-method> <!-- test1 -->
        <test-method status="PASS" signature="afterTesScript()[pri:0, instance:basicAnnotations.Module2@58651fd0]" name="afterTesScript" is-config="true" duration-ms="0" started-at="2019-03-03T12:42:39Z" finished-at="2019-03-03T12:42:39Z">
          <reporter-output>
          </reporter-output>
        </test-method> <!-- afterTesScript -->
        <test-method status="PASS" signature="beforeTesScript()[pri:0, instance:basicAnnotations.Module2@58651fd0]" name="beforeTesScript" is-config="true" duration-ms="2" started-at="2019-03-03T12:42:39Z" finished-at="2019-03-03T12:42:39Z">
          <reporter-output>
          </reporter-output>
        </test-method> <!-- beforeTesScript -->
        <test-method status="PASS" signature="test2()[pri:0, instance:basicAnnotations.Module2@58651fd0]" name="test2" duration-ms="2" started-at="2019-03-03T12:42:39Z" finished-at="2019-03-03T12:42:39Z">
          <reporter-output>
          </reporter-output>
        </test-method> <!-- test2 -->
        <test-method status="PASS" signature="afterTesScript()[pri:0, instance:basicAnnotations.Module2@58651fd0]" name="afterTesScript" is-config="true" duration-ms="1" started-at="2019-03-03T12:42:39Z" finished-at="2019-03-03T12:42:39Z">
          <reporter-output>
          </reporter-output>
        </test-method> <!-- afterTesScript -->
        <test-method status="PASS" signature="afterModule()[pri:0, instance:basicAnnotations.Module2@58651fd0]" name="afterModule" is-config="true" duration-ms="0" started-at="2019-03-03T12:42:39Z" finished-at="2019-03-03T12:42:39Z">
          <reporter-output>
          </reporter-output>
        </test-method> <!-- afterModule -->
        <test-method status="PASS" signature="afterSuite()[pri:0, instance:basicAnnotations.Module2@58651fd0]" name="afterSuite" is-config="true" duration-ms="2" started-at="2019-03-03T12:42:39Z" finished-at="2019-03-03T12:42:39Z">
          <reporter-output>
          </reporter-output>
        </test-method> <!-- afterSuite -->
      </class> <!-- basicAnnotations.Module2 -->
      <class name="basicAnnotations.Module1">
        <test-method status="PASS" signature="beforeModule()[pri:0, instance:basicAnnotations.Module1@4520ebad]" name="beforeModule" is-config="true" duration-ms="4" started-at="2019-03-03T12:42:39Z" finished-at="2019-03-03T12:42:39Z">
          <reporter-output>
          </reporter-output>
        </test-method> <!-- beforeModule -->
        <test-method status="PASS" signature="beforeTesScript()[pri:0, instance:basicAnnotations.Module1@4520ebad]" name="beforeTesScript" is-config="true" duration-ms="1" started-at="2019-03-03T12:42:39Z" finished-at="2019-03-03T12:42:39Z">
          <reporter-output>
          </reporter-output>
        </test-method> <!-- beforeTesScript -->
        <test-method status="PASS" signature="test1()[pri:0, instance:basicAnnotations.Module1@4520ebad]" name="test1" duration-ms="13" started-at="2019-03-03T12:42:39Z" finished-at="2019-03-03T12:42:39Z">
          <reporter-output>
          </reporter-output>
        </test-method> <!-- test1 -->
        <test-method status="PASS" signature="afterTesScript()[pri:0, instance:basicAnnotations.Module1@4520ebad]" name="afterTesScript" is-config="true" duration-ms="1" started-at="2019-03-03T12:42:39Z" finished-at="2019-03-03T12:42:39Z">
          <reporter-output>
          </reporter-output>
        </test-method> <!-- afterTesScript -->
        <test-method status="PASS" signature="beforeTesScript()[pri:0, instance:basicAnnotations.Module1@4520ebad]" name="beforeTesScript" is-config="true" duration-ms="1" started-at="2019-03-03T12:42:39Z" finished-at="2019-03-03T12:42:39Z">
          <reporter-output>
          </reporter-output>
        </test-method> <!-- beforeTesScript -->
        <test-method status="PASS" signature="test2()[pri:0, instance:basicAnnotations.Module1@4520ebad]" name="test2" duration-ms="1" started-at="2019-03-03T12:42:39Z" finished-at="2019-03-03T12:42:39Z">
          <reporter-output>
          </reporter-output>
        </test-method> <!-- test2 -->
        <test-method status="PASS" signature="afterTesScript()[pri:0, instance:basicAnnotations.Module1@4520ebad]" name="afterTesScript" is-config="true" duration-ms="1" started-at="2019-03-03T12:42:39Z" finished-at="2019-03-03T12:42:39Z">
          <reporter-output>
          </reporter-output>
        </test-method> <!-- afterTesScript -->
        <test-method status="PASS" signature="afterModule()[pri:0, instance:basicAnnotations.Module1@4520ebad]" name="afterModule" is-config="true" duration-ms="1" started-at="2019-03-03T12:42:39Z" finished-at="2019-03-03T12:42:39Z">
          <reporter-output>
          </reporter-output>
        </test-method> <!-- afterModule -->
      </class> <!-- basicAnnotations.Module1 -->
    </test> <!-- Test -->
  </suite> <!-- Suite -->
</testng-results>
