<?xml version="1.0" encoding="UTF-8"?>
<!-- Generated by org.testng.reporters.JUnitXMLReporter -->
<testsuite hostname="DERIW42SLPC1327" ignored="0" name="Default test" tests="4" failures="0" timestamp="03 Mar 2019 07:09:09 GMT" time="0.1" errors="0">
  <testcase name="test1" time="0.017" classname="basicAnnotations.Module2"/>
  <testcase name="test2" time="0.006" classname="basicAnnotations.Module2"/>
  <testcase name="test1" time="0.002" classname="basicAnnotations.Module1"/>
  <testcase name="test2" time="0.003" classname="basicAnnotations.Module1"/>
</testsuite> <!-- Default test -->
