<?xml version="1.0" encoding="UTF-8"?>
<!-- Generated by org.testng.reporters.JUnitXMLReporter -->
<testsuite hostname="DERIW42SLPC1327" ignored="0" name="Test" tests="4" failures="0" timestamp="03 Mar 2019 07:12:39 GMT" time="0.14" errors="0">
  <testcase name="test1" time="0.013" classname="basicAnnotations.Module1"/>
  <testcase name="test2" time="0.001" classname="basicAnnotations.Module1"/>
  <testcase name="test1" time="0.002" classname="basicAnnotations.Module2"/>
  <testcase name="test2" time="0.002" classname="basicAnnotations.Module2"/>
</testsuite> <!-- Test -->
